  DXUT.cpp
C:\Program Files (x86)\Microsoft DirectX SDK (June 2010)\Include\dxgitype.h(12,1): warning C4005: 'DXGI_STATUS_OCCLUDED': 매크로 재정의
C:\Program Files (x86)\Windows Kits\10\Include\10.0.18362.0\shared\winerror.h(55840): message : 'DXGI_STATUS_OCCLUDED'의 이전 정의를 참조하십시오.
C:\Program Files (x86)\Microsoft DirectX SDK (June 2010)\Include\dxgitype.h(13,1): warning C4005: 'DXGI_STATUS_CLIPPED': 매크로 재정의
C:\Program Files (x86)\Windows Kits\10\Include\10.0.18362.0\shared\winerror.h(55849): message : 'DXGI_STATUS_CLIPPED'의 이전 정의를 참조하십시오.
C:\Program Files (x86)\Microsoft DirectX SDK (June 2010)\Include\dxgitype.h(14,1): warning C4005: 'DXGI_STATUS_NO_REDIRECTION': 매크로 재정의
C:\Program Files (x86)\Windows Kits\10\Include\10.0.18362.0\shared\winerror.h(55858): message : 'DXGI_STATUS_NO_REDIRECTION'의 이전 정의를 참조하십시오.
C:\Program Files (x86)\Microsoft DirectX SDK (June 2010)\Include\dxgitype.h(15,1): warning C4005: 'DXGI_STATUS_NO_DESKTOP_ACCESS': 매크로 재정의
C:\Program Files (x86)\Windows Kits\10\Include\10.0.18362.0\shared\winerror.h(55867): message : 'DXGI_STATUS_NO_DESKTOP_ACCESS'의 이전 정의를 참조하십시오.
C:\Program Files (x86)\Microsoft DirectX SDK (June 2010)\Include\dxgitype.h(16,1): warning C4005: 'DXGI_STATUS_GRAPHICS_VIDPN_SOURCE_IN_USE': 매크로 재정의
C:\Program Files (x86)\Windows Kits\10\Include\10.0.18362.0\shared\winerror.h(55876): message : 'DXGI_STATUS_GRAPHICS_VIDPN_SOURCE_IN_USE'의 이전 정의를 참조하십시오.
C:\Program Files (x86)\Microsoft DirectX SDK (June 2010)\Include\dxgitype.h(17,1): warning C4005: 'DXGI_STATUS_MODE_CHANGED': 매크로 재정의
C:\Program Files (x86)\Windows Kits\10\Include\10.0.18362.0\shared\winerror.h(55885): message : 'DXGI_STATUS_MODE_CHANGED'의 이전 정의를 참조하십시오.
C:\Program Files (x86)\Microsoft DirectX SDK (June 2010)\Include\dxgitype.h(18,1): warning C4005: 'DXGI_STATUS_MODE_CHANGE_IN_PROGRESS': 매크로 재정의
C:\Program Files (x86)\Windows Kits\10\Include\10.0.18362.0\shared\winerror.h(55894): message : 'DXGI_STATUS_MODE_CHANGE_IN_PROGRESS'의 이전 정의를 참조하십시오.
C:\Program Files (x86)\Microsoft DirectX SDK (June 2010)\Include\dxgitype.h(21,1): warning C4005: 'DXGI_ERROR_INVALID_CALL': 매크로 재정의
C:\Program Files (x86)\Windows Kits\10\Include\10.0.18362.0\shared\winerror.h(55909): message : 'DXGI_ERROR_INVALID_CALL'의 이전 정의를 참조하십시오.
C:\Program Files (x86)\Microsoft DirectX SDK (June 2010)\Include\dxgitype.h(22,1): warning C4005: 'DXGI_ERROR_NOT_FOUND': 매크로 재정의
C:\Program Files (x86)\Windows Kits\10\Include\10.0.18362.0\shared\winerror.h(55918): message : 'DXGI_ERROR_NOT_FOUND'의 이전 정의를 참조하십시오.
C:\Program Files (x86)\Microsoft DirectX SDK (June 2010)\Include\dxgitype.h(23,1): warning C4005: 'DXGI_ERROR_MORE_DATA': 매크로 재정의
C:\Program Files (x86)\Windows Kits\10\Include\10.0.18362.0\shared\winerror.h(55927): message : 'DXGI_ERROR_MORE_DATA'의 이전 정의를 참조하십시오.
C:\Program Files (x86)\Microsoft DirectX SDK (June 2010)\Include\dxgitype.h(24,1): warning C4005: 'DXGI_ERROR_UNSUPPORTED': 매크로 재정의
C:\Program Files (x86)\Windows Kits\10\Include\10.0.18362.0\shared\winerror.h(55936): message : 'DXGI_ERROR_UNSUPPORTED'의 이전 정의를 참조하십시오.
C:\Program Files (x86)\Microsoft DirectX SDK (June 2010)\Include\dxgitype.h(25,1): warning C4005: 'DXGI_ERROR_DEVICE_REMOVED': 매크로 재정의
C:\Program Files (x86)\Windows Kits\10\Include\10.0.18362.0\shared\winerror.h(55945): message : 'DXGI_ERROR_DEVICE_REMOVED'의 이전 정의를 참조하십시오.
C:\Program Files (x86)\Microsoft DirectX SDK (June 2010)\Include\dxgitype.h(26,1): warning C4005: 'DXGI_ERROR_DEVICE_HUNG': 매크로 재정의
C:\Program Files (x86)\Windows Kits\10\Include\10.0.18362.0\shared\winerror.h(55954): message : 'DXGI_ERROR_DEVICE_HUNG'의 이전 정의를 참조하십시오.
C:\Program Files (x86)\Microsoft DirectX SDK (June 2010)\Include\dxgitype.h(27,1): warning C4005: 'DXGI_ERROR_DEVICE_RESET': 매크로 재정의
C:\Program Files (x86)\Windows Kits\10\Include\10.0.18362.0\shared\winerror.h(55964): message : 'DXGI_ERROR_DEVICE_RESET'의 이전 정의를 참조하십시오.
C:\Program Files (x86)\Microsoft DirectX SDK (June 2010)\Include\dxgitype.h(28,1): warning C4005: 'DXGI_ERROR_WAS_STILL_DRAWING': 매크로 재정의
C:\Program Files (x86)\Windows Kits\10\Include\10.0.18362.0\shared\winerror.h(55973): message : 'DXGI_ERROR_WAS_STILL_DRAWING'의 이전 정의를 참조하십시오.
C:\Program Files (x86)\Microsoft DirectX SDK (June 2010)\Include\dxgitype.h(29,1): warning C4005: 'DXGI_ERROR_FRAME_STATISTICS_DISJOINT': 매크로 재정의
C:\Program Files (x86)\Windows Kits\10\Include\10.0.18362.0\shared\winerror.h(55983): message : 'DXGI_ERROR_FRAME_STATISTICS_DISJOINT'의 이전 정의를 참조하십시오.
C:\Program Files (x86)\Microsoft DirectX SDK (June 2010)\Include\dxgitype.h(30,1): warning C4005: 'DXGI_ERROR_GRAPHICS_VIDPN_SOURCE_IN_USE': 매크로 재정의
C:\Program Files (x86)\Windows Kits\10\Include\10.0.18362.0\shared\winerror.h(55992): message : 'DXGI_ERROR_GRAPHICS_VIDPN_SOURCE_IN_USE'의 이전 정의를 참조하십시오.
C:\Program Files (x86)\Microsoft DirectX SDK (June 2010)\Include\dxgitype.h(31,1): warning C4005: 'DXGI_ERROR_DRIVER_INTERNAL_ERROR': 매크로 재정의
C:\Program Files (x86)\Windows Kits\10\Include\10.0.18362.0\shared\winerror.h(56002): message : 'DXGI_ERROR_DRIVER_INTERNAL_ERROR'의 이전 정의를 참조하십시오.
C:\Program Files (x86)\Microsoft DirectX SDK (June 2010)\Include\dxgitype.h(32,1): warning C4005: 'DXGI_ERROR_NONEXCLUSIVE': 매크로 재정의
C:\Program Files (x86)\Windows Kits\10\Include\10.0.18362.0\shared\winerror.h(56011): message : 'DXGI_ERROR_NONEXCLUSIVE'의 이전 정의를 참조하십시오.
C:\Program Files (x86)\Microsoft DirectX SDK (June 2010)\Include\dxgitype.h(33,1): warning C4005: 'DXGI_ERROR_NOT_CURRENTLY_AVAILABLE': 매크로 재정의
C:\Program Files (x86)\Windows Kits\10\Include\10.0.18362.0\shared\winerror.h(56020): message : 'DXGI_ERROR_NOT_CURRENTLY_AVAILABLE'의 이전 정의를 참조하십시오.
C:\Program Files (x86)\Microsoft DirectX SDK (June 2010)\Include\dxgitype.h(34,1): warning C4005: 'DXGI_ERROR_REMOTE_CLIENT_DISCONNECTED': 매크로 재정의
C:\Program Files (x86)\Windows Kits\10\Include\10.0.18362.0\shared\winerror.h(56030): message : 'DXGI_ERROR_REMOTE_CLIENT_DISCONNECTED'의 이전 정의를 참조하십시오.
C:\Program Files (x86)\Microsoft DirectX SDK (June 2010)\Include\dxgitype.h(35,1): warning C4005: 'DXGI_ERROR_REMOTE_OUTOFMEMORY': 매크로 재정의
C:\Program Files (x86)\Windows Kits\10\Include\10.0.18362.0\shared\winerror.h(56039): message : 'DXGI_ERROR_REMOTE_OUTOFMEMORY'의 이전 정의를 참조하십시오.
C:\Program Files (x86)\Microsoft DirectX SDK (June 2010)\Include\d3d10.h(608,1): warning C4005: 'D3D10_ERROR_TOO_MANY_UNIQUE_STATE_OBJECTS': 매크로 재정의
C:\Program Files (x86)\Windows Kits\10\Include\10.0.18362.0\shared\winerror.h(56279): message : 'D3D10_ERROR_TOO_MANY_UNIQUE_STATE_OBJECTS'의 이전 정의를 참조하십시오.
C:\Program Files (x86)\Microsoft DirectX SDK (June 2010)\Include\d3d10.h(609,1): warning C4005: 'D3D10_ERROR_FILE_NOT_FOUND': 매크로 재정의
C:\Program Files (x86)\Windows Kits\10\Include\10.0.18362.0\shared\winerror.h(56288): message : 'D3D10_ERROR_FILE_NOT_FOUND'의 이전 정의를 참조하십시오.
C:\Users\taehw\Documents\GitHub\DirectX9-Game-Engine\DXUT\Core\DXUT.cpp(698,131): warning C4838: 'UINT'에서 'LONG'(으)로의 변환에는 축소 변환이 필요합니다.
C:\Users\taehw\Documents\GitHub\DirectX9-Game-Engine\DXUT\Core\DXUT.cpp(698,187): warning C4838: 'UINT'에서 'LONG'(으)로의 변환에는 축소 변환이 필요합니다.
C:\Users\taehw\Documents\GitHub\DirectX9-Game-Engine\DXUT\Core\DXUT.cpp(699,135): warning C4838: 'UINT'에서 'LONG'(으)로의 변환에는 축소 변환이 필요합니다.
C:\Users\taehw\Documents\GitHub\DirectX9-Game-Engine\DXUT\Core\DXUT.cpp(699,195): warning C4838: 'UINT'에서 'LONG'(으)로의 변환에는 축소 변환이 필요합니다.
C:\Users\taehw\Documents\GitHub\DirectX9-Game-Engine\DXUT\Core\DXUT.cpp(4963,1): warning C4996: 'GetVersionExW': deprecated로 선언되었습니다.
C:\Program Files (x86)\Windows Kits\10\Include\10.0.18362.0\um\sysinfoapi.h(396): message : 'GetVersionExW' 선언을 참조하십시오.
  Camera.cpp
  Director.cpp
  Node.cpp
  Renderer.cpp
  Scene.cpp
  Singleton.cpp
  Sprite.cpp
C:\Users\taehw\Documents\GitHub\DirectX9-Game-Engine\Sprite.cpp(30,23): warning C4244: '=': 'FLOAT'에서 'LONG'(으)로 변환하면서 데이터가 손실될 수 있습니다.
C:\Users\taehw\Documents\GitHub\DirectX9-Game-Engine\Sprite.cpp(31,22): warning C4244: '=': 'FLOAT'에서 'LONG'(으)로 변환하면서 데이터가 손실될 수 있습니다.
C:\Users\taehw\Documents\GitHub\DirectX9-Game-Engine\Sprite.cpp(32,21): warning C4244: '=': 'FLOAT'에서 'LONG'(으)로 변환하면서 데이터가 손실될 수 있습니다.
C:\Users\taehw\Documents\GitHub\DirectX9-Game-Engine\Sprite.cpp(33,24): warning C4244: '=': 'FLOAT'에서 'LONG'(으)로 변환하면서 데이터가 손실될 수 있습니다.
C:\Users\taehw\Documents\GitHub\DirectX9-Game-Engine\Sprite.cpp(45): warning C4238: 비표준 확장이 사용됨: 클래스 rvalue를 lvalue로 사용했습니다.
C:\Users\taehw\Documents\GitHub\DirectX9-Game-Engine\Sprite.cpp(45,33): warning C4238: 비표준 확장이 사용됨: 클래스 rvalue를 lvalue로 사용했습니다.
  Texture.cpp
C:\Users\taehw\Documents\GitHub\DirectX9-Game-Engine\Texture.cpp(16,76): warning C4245: '인수': 'int'에서 'UINT'(으)로의 변환입니다. signed 또는 unsigned가 일치하지 않습니다.
  DXUTenum.cpp
  DXUTmisc.cpp
C:\Users\taehw\Documents\GitHub\DirectX9-Game-Engine\DXUT\Core\DXUTmisc.cpp(1263,1): warning C4996: 'GetVersionExA': deprecated로 선언되었습니다.
C:\Program Files (x86)\Windows Kits\10\Include\10.0.18362.0\um\sysinfoapi.h(387): message : 'GetVersionExA' 선언을 참조하십시오.
  DXUTcamera.cpp
  DXUTgui.cpp
C:\Users\taehw\Documents\GitHub\DirectX9-Game-Engine\DXUT\Optional\DXUTgui.cpp(6846,37): warning C4458: 'iTexture' 선언은 클래스 멤버를 숨깁니다.
C:\Users\taehw\Documents\GitHub\DirectX9-Game-Engine\DXUT\Optional\DXUTgui.h(109,10): message : 'CDXUTElement::iTexture' 선언을 참조하십시오.
C:\Users\taehw\Documents\GitHub\DirectX9-Game-Engine\DXUT\Optional\DXUTgui.cpp(6860,34): warning C4458: 'iFont' 선언은 클래스 멤버를 숨깁니다.
C:\Users\taehw\Documents\GitHub\DirectX9-Game-Engine\DXUT\Optional\DXUTgui.h(110,10): message : 'CDXUTElement::iFont' 선언을 참조하십시오.
C:\Users\taehw\Documents\GitHub\DirectX9-Game-Engine\DXUT\Optional\DXUTgui.cpp(6860,74): warning C4458: 'dwTextFormat' 선언은 클래스 멤버를 숨깁니다.
C:\Users\taehw\Documents\GitHub\DirectX9-Game-Engine\DXUT\Optional\DXUTgui.h(111,11): message : 'CDXUTElement::dwTextFormat' 선언을 참조하십시오.
  DXUTres.cpp
  DXUTsettingsdlg.cpp
  SDKmesh.cpp
  SDKmisc.cpp
  20200507.cpp
  코드를 생성하고 있습니다...
Camera.obj : warning LNK4075: '/EDITANDCONTINUE'이(가) '/SAFESEH' 사양으로 인해 무시됩니다.
  20200507_2010.vcxproj -> C:\Users\taehw\Documents\GitHub\DirectX9-Game-Engine\Debug\20200507.exe
